[17:34:18] [ServerMain/INFO]: [bootstrap] Running Java 21 (OpenJDK 64-Bit Server VM 21.0.6+7-Ubuntu-120.04.1; Ubuntu null) on Linux 6.8.0-1021-azure (amd64)
[17:34:18] [ServerMain/INFO]: [bootstrap] Loading Paper 1.21.3-63-master@4190ee7 (2024-11-25T18:59:19Z) for Minecraft 1.21.3
[17:34:18] [ServerMain/INFO]: [PluginInitializerManager] Initializing plugins...
[17:34:19] [ServerMain/INFO]: [PluginInitializerManager] Initialized 3 plugins
[17:34:19] [ServerMain/INFO]: [PluginInitializerManager] Bukkit plugins (3):
 - Geyser-Spigot (2.7.0-SNAPSHOT), ViaVersion (5.3.1), floodgate (2.2.4-SNAPSHOT (b116-0e3163c))
[17:34:25] [ServerMain/INFO]: Environment: Environment[sessionHost=https://sessionserver.mojang.com, servicesHost=https://api.minecraftservices.com, name=PROD]
[17:34:28] [ServerMain/INFO]: Loaded 1337 recipes
[17:34:28] [ServerMain/INFO]: Loaded 1448 advancements
[17:34:28] [Server thread/INFO]: Starting minecraft server version 1.21.3
[17:34:28] [Server thread/INFO]: Loading properties
[17:34:28] [Server thread/INFO]: This server is running Paper version 1.21.3-63-master@4190ee7 (2024-11-25T18:59:19Z) (Implementing API version 1.21.3-R0.1-SNAPSHOT)
[17:34:29] [Server thread/INFO]: [spark] This server bundles the spark profiler. For more information please visit https://docs.papermc.io/paper/profiling
[17:34:29] [Server thread/INFO]: Server Ping Player Sample Count: 12
[17:34:29] [Server thread/INFO]: Using 4 threads for Netty based IO
[17:34:30] [Server thread/INFO]: [MoonriseCommon] Paper is using 1 worker threads, 1 I/O threads
[17:34:30] [Server thread/INFO]: [ChunkTaskScheduler] Chunk system is using population gen parallelism: true
[17:34:31] [Server thread/INFO]: Default game type: SURVIVAL
[17:34:31] [Server thread/INFO]: Generating keypair
[17:34:31] [Server thread/INFO]: Starting Minecraft server on *:25565
[17:34:31] [Server thread/INFO]: Using epoll channel type
[17:34:31] [Server thread/INFO]: Paper: Using libdeflate (Linux x86_64) compression from Velocity.
[17:34:31] [Server thread/INFO]: Paper: Using OpenSSL 1.1.x (Linux x86_64) cipher from Velocity.
[17:34:32] [Server thread/INFO]: [floodgate] Loading server plugin floodgate v2.2.4-SNAPSHOT (b116-0e3163c)
[17:34:33] [Server thread/WARN]: [floodgate] en_ is not a supported Floodgate language.
[17:34:33] [Server thread/INFO]: [floodgate] Took 980ms to boot Floodgate
[17:34:33] [Server thread/INFO]: [ViaVersion] Loading server plugin ViaVersion v5.3.1
[17:34:33] [Server thread/INFO]: [ViaVersion] ViaVersion 5.3.1 is now loaded. Registering protocol transformers and injecting...
[17:34:34] [Via-Mappingloader-0/INFO]: [ViaVersion] Loading block connection mappings ...
[17:34:34] [Via-Mappingloader-0/INFO]: [ViaVersion] Using FastUtil Long2ObjectOpenHashMap for block connections
[17:34:35] [Server thread/INFO]: [Geyser-Spigot] Loading server plugin Geyser-Spigot v2.7.0-SNAPSHOT
[17:34:36] [Server thread/INFO]: [Geyser-Spigot] Loading extensions...
[17:34:36] [Server thread/INFO]: [Geyser-Spigot] Loaded 0 extension(s)
[17:34:36] [Server thread/INFO]: Server permissions file permissions.yml is empty, ignoring it
[17:34:36] [Server thread/WARN]: **** SERVER IS RUNNING IN OFFLINE/INSECURE MODE!
[17:34:36] [Server thread/WARN]: The server will make no attempt to authenticate usernames. Beware.
[17:34:36] [Server thread/WARN]: While this makes the game possible to play without internet access, it also opens up the ability for hackers to connect with any username they choose.
[17:34:36] [Server thread/WARN]: To change this, set "online-mode" to "true" in the server.properties file.
[17:34:36] [Server thread/INFO]: Preparing level "world"
[17:34:36] [Server thread/INFO]: Preparing start region for dimension minecraft:overworld
[17:34:37] [Paper Common Worker #0/INFO]: [MCTypeRegistry] Initialising converters for DataConverter...
[17:34:38] [Paper Common Worker #0/INFO]: [MCTypeRegistry] Finished initialising converters for DataConverter in 503.8ms
[17:34:38] [Server thread/INFO]: Preparing spawn area: 0%
[17:34:38] [Server thread/INFO]: Preparing spawn area: 0%
[17:34:38] [Server thread/INFO]: Preparing spawn area: 0%
[17:34:39] [Server thread/INFO]: Preparing spawn area: 0%
[17:34:39] [Server thread/INFO]: Preparing spawn area: 0%
[17:34:39] [Server thread/INFO]: Time elapsed: 2210 ms
[17:34:39] [Server thread/INFO]: Preparing start region for dimension minecraft:the_nether
[17:34:39] [Server thread/INFO]: Preparing spawn area: 0%
[17:34:39] [Server thread/INFO]: Time elapsed: 360 ms
[17:34:39] [Server thread/INFO]: Preparing start region for dimension minecraft:the_end
[17:34:39] [Server thread/INFO]: Preparing spawn area: 0%
[17:34:39] [Server thread/INFO]: Time elapsed: 197 ms
[17:34:39] [Server thread/INFO]: [floodgate] Enabling floodgate v2.2.4-SNAPSHOT (b116-0e3163c)
[17:34:40] [Server thread/INFO]: [ViaVersion] Enabling ViaVersion v5.3.1
[17:34:40] [Server thread/INFO]: [ViaVersion] ViaVersion detected server version: 1.21.2-1.21.3 (768)
[17:34:40] [Server thread/INFO]: [Geyser-Spigot] Enabling Geyser-Spigot v2.7.0-SNAPSHOT
[17:34:41] [Server thread/INFO]: [spark] Starting background profiler...
[17:34:41] [Server thread/INFO]: [Geyser-Spigot] ******************************************
[17:34:41] [Server thread/INFO]: [Geyser-Spigot] 
[17:34:41] [Server thread/INFO]: [Geyser-Spigot] Loading Geyser version 2.7.0-b805 (git-master-55266de)
[17:34:41] [Server thread/INFO]: [Geyser-Spigot] 
[17:34:41] [Server thread/INFO]: [Geyser-Spigot] ******************************************
[17:34:50] [epollEventLoopGroup-3-1/INFO]: [Geyser-Spigot] Started Geyser on UDP port 4570
[17:34:50] [Server thread/INFO]: [Geyser-Spigot] Done (8.981s)! Run /geyser help for help!
[17:34:50] [Server thread/INFO]: Done preparing level "world" (14.917s)
[17:34:50] [Server thread/INFO]: Running delayed init tasks
[17:34:50] [Craft Scheduler Thread - 2 - ViaVersion/INFO]: [ViaVersion] Finished mapping loading, shutting down loader executor.
[17:34:50] [Server thread/INFO]: Done (34.061s)! For help, type "help"
[17:35:02] [epollEventLoopGroup-4-1/INFO]: [Geyser-Spigot] Player connected with username leonar1design
[17:35:02] [localSession-7-2/INFO]: [Geyser-Spigot] leonar1design (logged in as: leonar1design) has connected to the Java server
[17:35:02] [Server thread/INFO]: [floodgate] Floodgate player logged in as .leonar1design joined (UUID: 00000000-0000-0000-0009-01f1398d4755)
[17:35:05] [Server thread/INFO]: .leonar1design joined the game
[17:35:05] [Server thread/INFO]: .leonar1design[/127.0.0.1:0] logged in with entity id 84 at ([world]1.5, 68.0, -7.5)
[17:36:35] [User Authenticator #0/INFO]: UUID of player lesign is 9f72d4f5-ded7-3b00-93f9-820fe8978879
[17:36:36] [Server thread/INFO]: lesign joined the game
[17:36:36] [Server thread/INFO]: lesign[/127.203.112.148:53855] logged in with entity id 501 at ([world]50.51507635185658, 63.854859749789036, 64.42740736295941)
[17:36:41] [Server thread/INFO]: lesign issued server command: /tp .leonar1design
[17:36:42] [Server thread/INFO]: [lesign: Teleported lesign to .leonar1design]
[17:36:47] [Server thread/INFO]: lesign issued server command: /gamemode survival
[17:36:47] [Server thread/INFO]: [lesign: Set own game mode to Survival Mode]
[17:39:26] [epollEventLoopGroup-4-1/INFO]: [Geyser-Spigot] leonar1design has disconnected from the Java server because of Bedrock client timed out
[17:39:26] [Geyser Spigot connection thread-6-3/INFO]: [floodgate] Floodgate player logged in as .leonar1design disconnected
[17:39:26] [Server thread/INFO]: .leonar1design lost connection: Disconnected
[17:39:26] [Server thread/INFO]: .leonar1design left the game
[17:40:21] [Server thread/INFO]: lesign issued server command: /gamemode spectator
[17:40:21] [Server thread/INFO]: [lesign: Set own game mode to Spectator Mode]
[17:40:30] [Server thread/INFO]: lesign issued server command: /gamemode creative
[17:40:30] [Server thread/INFO]: [lesign: Set own game mode to Creative Mode]
[17:42:11] [epollEventLoopGroup-4-2/INFO]: [Geyser-Spigot] Player connected with username leonar1design
[17:42:11] [localSession-7-3/INFO]: [Geyser-Spigot] leonar1design (logged in as: leonar1design) has connected to the Java server
[17:42:11] [Server thread/INFO]: [floodgate] Floodgate player logged in as .leonar1design joined (UUID: 00000000-0000-0000-0009-01f1398d4755)
[17:42:11] [Server thread/INFO]: .leonar1design joined the game
[17:42:11] [Server thread/INFO]: .leonar1design[/127.0.0.1:0] logged in with entity id 1135 at ([world]-1.4672636, 67.0, -7.0307364)
[17:42:18] [Server thread/INFO]: lesign issued server command: /time set day
[17:42:18] [Server thread/INFO]: [lesign: Set the time to 1000]
[17:42:34] [Server thread/INFO]: lesign issued server command: /tp .leonar1design lesign
[17:42:34] [Server thread/INFO]: [lesign: Teleported .leonar1design to lesign]
[17:42:57] [Geyser Spigot connection thread-6-4/INFO]: [floodgate] Floodgate player logged in as .leonar1design disconnected
[17:42:57] [epollEventLoopGroup-4-2/INFO]: [Geyser-Spigot] leonar1design has disconnected from the Java server because of Bedrock client disconnected
[17:42:57] [Server thread/INFO]: .leonar1design lost connection: Disconnected
[17:42:57] [Server thread/INFO]: .leonar1design left the game
[17:43:29] [epollEventLoopGroup-4-3/INFO]: [Geyser-Spigot] Player connected with username leonar1design
[17:43:29] [localSession-7-4/INFO]: [Geyser-Spigot] leonar1design (logged in as: leonar1design) has connected to the Java server
[17:43:30] [Server thread/INFO]: [floodgate] Floodgate player logged in as .leonar1design joined (UUID: 00000000-0000-0000-0009-01f1398d4755)
[17:43:30] [Server thread/INFO]: .leonar1design joined the game
[17:43:30] [Server thread/INFO]: .leonar1design[/127.0.0.1:0] logged in with entity id 1279 at ([world]38.060734, 63.0, 100.73836)
[17:45:01] [Geyser Spigot connection thread-6-1/INFO]: [floodgate] Floodgate player logged in as .leonar1design disconnected
[17:45:01] [epollEventLoopGroup-4-3/INFO]: [Geyser-Spigot] leonar1design has disconnected from the Java server because of Bedrock client timed out
[17:45:01] [Server thread/INFO]: .leonar1design lost connection: Disconnected
[17:45:01] [Server thread/INFO]: .leonar1design left the game
[17:45:30] [Server thread/INFO]: lesign lost connection: Disconnected
[17:45:30] [Server thread/INFO]: lesign left the game
[17:46:45] [Server thread/INFO]: Stopping the server
[17:46:45] [Server thread/INFO]: Stopping server
[17:46:45] [Server thread/INFO]: [Geyser-Spigot] Disabling Geyser-Spigot v2.7.0-SNAPSHOT
[17:46:45] [Server thread/INFO]: [Geyser-Spigot] Shutting down Geyser.
[17:46:45] [Server thread/INFO]: [Geyser-Spigot] Geyser shutdown successfully.
[17:46:45] [Server thread/INFO]: [ViaVersion] Disabling ViaVersion v5.3.1
[17:46:45] [Server thread/INFO]: [ViaVersion] ViaVersion has been disabled; uninjected the platform and shut down the scheduler.
[17:46:45] [Server thread/INFO]: [floodgate] Disabling floodgate v2.2.4-SNAPSHOT (b116-0e3163c)
[17:46:45] [Server thread/INFO]: Saving players
[17:46:45] [WebSocketConnectReadThread-83/INFO]: [Geyser-Spigot] The skin uploader has been closed
[17:46:45] [Server thread/INFO]: Saving worlds
[17:46:45] [Server thread/INFO]: Saving chunks for level 'ServerLevel[world]'/minecraft:overworld
[17:46:45] [Server thread/INFO]: [ChunkHolderManager] Waiting 60s for chunk system to halt for world 'world'
[17:46:45] [Server thread/INFO]: [ChunkHolderManager] Halted chunk system for world 'world'
[17:46:45] [Server thread/INFO]: [ChunkHolderManager] Saving all chunkholders for world 'world'
[17:46:45] [Server thread/INFO]: [ChunkHolderManager] Saved 31 block chunks, 176 entity chunks, 0 poi chunks in world 'world' in 0.11s
[17:46:45] [Server thread/INFO]: [ChunkHolderManager] Waiting 60s for chunk I/O to halt for world 'world'
[17:46:45] [Server thread/INFO]: [ChunkHolderManager] Halted I/O scheduler for world 'world'
[17:46:45] [Server thread/INFO]: Saving chunks for level 'ServerLevel[world_nether]'/minecraft:the_nether
[17:46:45] [Server thread/INFO]: [ChunkHolderManager] Waiting 60s for chunk system to halt for world 'world_nether'
[17:46:45] [Server thread/INFO]: [ChunkHolderManager] Halted chunk system for world 'world_nether'
[17:46:45] [Server thread/INFO]: [ChunkHolderManager] Saving all chunkholders for world 'world_nether'
[17:46:45] [Server thread/INFO]: [ChunkHolderManager] Saved 0 block chunks, 0 entity chunks, 0 poi chunks in world 'world_nether' in 0.00s
[17:46:45] [Server thread/INFO]: [ChunkHolderManager] Waiting 60s for chunk I/O to halt for world 'world_nether'
[17:46:45] [Server thread/INFO]: [ChunkHolderManager] Halted I/O scheduler for world 'world_nether'
[17:46:45] [Server thread/INFO]: Saving chunks for level 'ServerLevel[world_the_end]'/minecraft:the_end
[17:46:45] [Server thread/INFO]: [ChunkHolderManager] Waiting 60s for chunk system to halt for world 'world_the_end'
[17:46:45] [Server thread/INFO]: [ChunkHolderManager] Halted chunk system for world 'world_the_end'
[17:46:45] [Server thread/INFO]: [ChunkHolderManager] Saving all chunkholders for world 'world_the_end'
[17:46:45] [Server thread/INFO]: [ChunkHolderManager] Saved 0 block chunks, 10 entity chunks, 0 poi chunks in world 'world_the_end' in 0.01s
[17:46:45] [Server thread/INFO]: [ChunkHolderManager] Waiting 60s for chunk I/O to halt for world 'world_the_end'
[17:46:45] [Server thread/INFO]: [ChunkHolderManager] Halted I/O scheduler for world 'world_the_end'
[17:46:45] [Server thread/INFO]: ThreadedAnvilChunkStorage (world): All chunks are saved
[17:46:45] [Server thread/INFO]: ThreadedAnvilChunkStorage (DIM-1): All chunks are saved
[17:46:45] [Server thread/INFO]: ThreadedAnvilChunkStorage (DIM1): All chunks are saved
[17:46:45] [Server thread/INFO]: ThreadedAnvilChunkStorage: All dimensions are saved
[17:46:45] [Server thread/INFO]: Waiting for I/O tasks to complete...
[17:46:45] [Server thread/INFO]: All I/O tasks to complete
[17:46:45] [Server thread/INFO]: [MoonriseCommon] Awaiting termination of worker pool for up to 60s...
[17:46:45] [Server thread/INFO]: [MoonriseCommon] Awaiting termination of I/O pool for up to 60s...
